<testsuite name="Mocha Tests" tests="43" failures="0" errors="0" skipped="0" timestamp="Mon, 22 Dec 2014 18:18:43 GMT" time="1.211">
<testcase classname="Car rental CRUD tests Make" name="GET entity" time="0.022"/>
<testcase classname="Car rental CRUD tests Make" name="GET extent" time="0.162"/>
<testcase classname="Car rental CRUD tests Make" name="POST" time="0.034"/>
<testcase classname="Car rental CRUD tests Make" name="GET one" time="0.012"/>
<testcase classname="Car rental CRUD tests Make" name="PUT" time="0.014"/>
<testcase classname="Car rental CRUD tests Customer" name="GET entity" time="0.001"/>
<testcase classname="Car rental CRUD tests Customer" name="GET extent" time="0.107"/>
<testcase classname="Car rental CRUD tests Customer" name="POST" time="0.011"/>
<testcase classname="Car rental CRUD tests Customer" name="GET one" time="0.011"/>
<testcase classname="Car rental CRUD tests Customer" name="PUT" time="0.011"/>
<testcase classname="Car rental CRUD tests CarModel" name="GET entity" time="0.003"/>
<testcase classname="Car rental CRUD tests CarModel" name="GET extent" time="0.019"/>
<testcase classname="Car rental CRUD tests CarModel" name="POST" time="0.008"/>
<testcase classname="Car rental CRUD tests CarModel" name="GET one" time="0.01"/>
<testcase classname="Car rental CRUD tests CarModel" name="PUT" time="0.017"/>
<testcase classname="Car rental CRUD tests Car" name="GET entity" time="0.004"/>
<testcase classname="Car rental CRUD tests Car" name="GET extent" time="0.174"/>
<testcase classname="Car rental CRUD tests Car" name="POST" time="0.012"/>
<testcase classname="Car rental CRUD tests Car" name="GET one" time="0.01"/>
<testcase classname="Car rental CRUD tests Car" name="PUT" time="0.013"/>
<testcase classname="Car rental CRUD tests Rental" name="GET entity" time="0.002"/>
<testcase classname="Car rental CRUD tests Rental" name="GET extent" time="0.097"/>
<testcase classname="Car rental CRUD tests Rental" name="POST" time="0.01"/>
<testcase classname="Car rental CRUD tests Rental" name="GET one" time="0.009"/>
<testcase classname="Car rental CRUD tests Rental" name="PUT" time="0.011"/>
<testcase classname="Car rental functional tests - CarScenarios" name="creation" time="0.02"/>
<testcase classname="Car rental functional tests - CarScenarios" name="startsAsValid" time="0.006"/>
<testcase classname="Car rental functional tests - CarScenarios" name="startsAsAvailable" time="0.004"/>
<testcase classname="Car rental functional tests - CarScenarios" name="tooOld" time="0.007"/>
<testcase classname="Car rental functional tests - CarScenarios" name="tooNew" time="0.008"/>
<testcase classname="Car rental functional tests - CarScenarios" name="priceIsTooLow" time="0.007"/>
<testcase classname="Car rental functional tests - CarScenarios" name="priceIsTooHigh" time="0.005"/>
<testcase classname="Car rental functional tests - CarScenarios" name="unavailableWhenRented" time="0.029"/>
<testcase classname="Car rental functional tests - CarScenarios" name="availableUponReturn" time="0.046"/>
<testcase classname="Car rental functional tests - CarScenarios" name="unavailableWhenUnderRepair" time="0.012"/>
<testcase classname="Car rental functional tests - CustomerScenarios" name="creation" time="0.004"/>
<testcase classname="Car rental functional tests - CustomerScenarios" name="rentalHistory" time="0.093"/>
<testcase classname="Car rental functional tests - MakeScenarios" name="creation" time="0.005"/>
<testcase classname="Car rental functional tests - ModelScenarios" name="creation" time="0.013"/>
<testcase classname="Car rental functional tests - RentalScenarios" name="startsAsInProgress" time="0.038"/>
<testcase classname="Car rental functional tests - RentalScenarios" name="finishedUponReturn" time="0.046"/>
<testcase classname="Car rental functional tests - RentalScenarios" name="oneCarPerCustomer" time="0.026"/>
<testcase classname="Car rental functional tests - RentalScenarios" name="carUnavailable" time="0.024"/>
</testsuite>
